\BOOKMARK [1][-]{section*.3}{Bulbasaur}{}% 1
\BOOKMARK [1][-]{section*.4}{Chikorita}{}% 2
\BOOKMARK [1][-]{section*.5}{Treecko}{}% 3
\BOOKMARK [1][-]{section*.6}{Turtwig}{}% 4
\BOOKMARK [1][-]{section*.7}{Snivy}{}% 5
\BOOKMARK [1][-]{section*.8}{Chespin}{}% 6
\BOOKMARK [1][-]{section*.9}{Charmander}{}% 7
\BOOKMARK [1][-]{section*.10}{Cyndaquil}{}% 8
\BOOKMARK [1][-]{section*.11}{Torchic}{}% 9
\BOOKMARK [1][-]{section*.12}{Chimchar}{}% 10
\BOOKMARK [1][-]{section*.13}{Tepig}{}% 11
\BOOKMARK [1][-]{section*.14}{Fennekin}{}% 12
\BOOKMARK [1][-]{section*.15}{Squirtle}{}% 13
\BOOKMARK [1][-]{section*.16}{Totodile}{}% 14
\BOOKMARK [1][-]{section*.17}{Mudkip}{}% 15
\BOOKMARK [1][-]{section*.18}{Piplup}{}% 16
\BOOKMARK [1][-]{section*.19}{Oshawott}{}% 17
\BOOKMARK [1][-]{section*.20}{Froakie}{}% 18
\BOOKMARK [1][-]{section*.21}{Caterpie}{}% 19
\BOOKMARK [1][-]{section*.22}{Weedle}{}% 20
\BOOKMARK [1][-]{section*.23}{Sewaddle}{}% 21
\BOOKMARK [1][-]{section*.24}{Swadloon}{}% 22
\BOOKMARK [1][-]{section*.25}{Leavanny}{}% 23
\BOOKMARK [1][-]{section*.26}{Venipede}{}% 24
\BOOKMARK [1][-]{section*.27}{Wurmple}{}% 25
\BOOKMARK [1][-]{section*.28}{Scatterbug}{}% 26
\BOOKMARK [1][-]{section*.29}{Pidgey}{}% 27
\BOOKMARK [1][-]{section*.30}{Starly}{}% 28
\BOOKMARK [1][-]{section*.31}{Pidove}{}% 29
\BOOKMARK [1][-]{section*.32}{Fletchling}{}% 30
\BOOKMARK [1][-]{section*.33}{Nidoran\040F}{}% 31
\BOOKMARK [1][-]{section*.34}{Nidoran\040M}{}% 32
\BOOKMARK [1][-]{section*.35}{Zubat}{}% 33
\BOOKMARK [1][-]{section*.36}{Igglybuff}{}% 34
\BOOKMARK [1][-]{section*.37}{Happiny}{}% 35
\BOOKMARK [1][-]{section*.38}{Whismur}{}% 36
\BOOKMARK [1][-]{section*.39}{Lillipup}{}% 37
\BOOKMARK [1][-]{section*.40}{Slakoth}{}% 38
\BOOKMARK [1][-]{section*.41}{Oddish}{}% 39
\BOOKMARK [1][-]{section*.42}{Bellsprout}{}% 40
\BOOKMARK [1][-]{section*.43}{Hoppip}{}% 41
\BOOKMARK [1][-]{section*.44}{Lotad}{}% 42
\BOOKMARK [1][-]{section*.45}{Seedot}{}% 43
\BOOKMARK [1][-]{section*.46}{Budew}{}% 44
\BOOKMARK [1][-]{section*.47}{Pichu}{}% 45
\BOOKMARK [1][-]{section*.48}{Magnemite}{}% 46
\BOOKMARK [1][-]{section*.49}{Mareep}{}% 47
\BOOKMARK [1][-]{section*.50}{Shinx}{}% 48
\BOOKMARK [1][-]{section*.51}{Tynamo}{}% 49
\BOOKMARK [1][-]{section*.52}{Elekid}{}% 50
\BOOKMARK [1][-]{section*.53}{Magby}{}% 51
\BOOKMARK [1][-]{section*.54}{Poliwag}{}% 52
\BOOKMARK [1][-]{section*.55}{Azurill}{}% 53
\BOOKMARK [1][-]{section*.56}{Tympole}{}% 54
\BOOKMARK [1][-]{section*.57}{Horsea}{}% 55
\BOOKMARK [1][-]{section*.58}{Spheal}{}% 56
\BOOKMARK [1][-]{section*.59}{Walrein}{}% 57
\BOOKMARK [1][-]{section*.60}{Vanillite}{}% 58
\BOOKMARK [1][-]{section*.61}{Ralts}{}% 59
\BOOKMARK [1][-]{section*.62}{Abra}{}% 60
\BOOKMARK [1][-]{section*.63}{Gothita}{}% 61
\BOOKMARK [1][-]{section*.64}{Solosis}{}% 62
\BOOKMARK [1][-]{section*.65}{Machop}{}% 63
\BOOKMARK [1][-]{section*.66}{Timburr}{}% 64
\BOOKMARK [1][-]{section*.67}{Geodude}{}% 65
\BOOKMARK [1][-]{section*.68}{Roggenrola}{}% 66
\BOOKMARK [1][-]{section*.69}{Rhyhorn}{}% 67
\BOOKMARK [1][-]{section*.70}{Swinub}{}% 68
\BOOKMARK [1][-]{section*.71}{Sandile}{}% 69
\BOOKMARK [1][-]{section*.72}{Aron}{}% 70
\BOOKMARK [1][-]{section*.73}{Klink}{}% 71
\BOOKMARK [1][-]{section*.74}{Honedge}{}% 72
\BOOKMARK [1][-]{section*.75}{Gastly}{}% 73
\BOOKMARK [1][-]{section*.76}{Duskull}{}% 74
\BOOKMARK [1][-]{section*.77}{Litwick}{}% 75
\BOOKMARK [1][-]{section*.78}{Lampent}{}% 76
\BOOKMARK [1][-]{section*.79}{Cleffa}{}% 77
\BOOKMARK [1][-]{section*.80}{Togepi}{}% 78
\BOOKMARK [1][-]{section*.81}{Trapinch}{}% 79
\BOOKMARK [1][-]{section*.82}{Axew}{}% 80
\BOOKMARK [1][-]{section*.83}{Rattata}{}% 81
\BOOKMARK [1][-]{section*.84}{Sentret}{}% 82
\BOOKMARK [1][-]{section*.85}{Zigzagoon}{}% 83
\BOOKMARK [1][-]{section*.86}{Bidoof}{}% 84
\BOOKMARK [1][-]{section*.87}{Patrat}{}% 85
\BOOKMARK [1][-]{section*.88}{Bunnelby}{}% 86
\BOOKMARK [1][-]{section*.89}{Meowth}{}% 87
\BOOKMARK [1][-]{section*.90}{Skitty}{}% 88
\BOOKMARK [1][-]{section*.91}{Glameow}{}% 89
\BOOKMARK [1][-]{section*.92}{Minccino}{}% 90
\BOOKMARK [1][-]{section*.93}{Buneary}{}% 91
\BOOKMARK [1][-]{section*.94}{Lopunny}{}% 92
\BOOKMARK [1][-]{section*.95}{Snubbull}{}% 93
\BOOKMARK [1][-]{section*.96}{Aipom}{}% 94
\BOOKMARK [1][-]{section*.97}{Deerling}{}% 95
\BOOKMARK [1][-]{section*.98}{Teddiursa}{}% 96
\BOOKMARK [1][-]{section*.99}{Lickitung}{}% 97
\BOOKMARK [1][-]{section*.100}{Munchlax}{}% 98
\BOOKMARK [1][-]{section*.101}{Burmy}{}% 99
\BOOKMARK [1][-]{section*.102}{Nincada}{}% 100
\BOOKMARK [1][-]{section*.103}{Paras}{}% 101
\BOOKMARK [1][-]{section*.104}{Venonat}{}% 102
\BOOKMARK [1][-]{section*.105}{Ledyba}{}% 103
\BOOKMARK [1][-]{section*.106}{Spinarak}{}% 104
\BOOKMARK [1][-]{section*.107}{Ariados}{}% 105
\BOOKMARK [1][-]{section*.108}{Yanma}{}% 106
\BOOKMARK [1][-]{section*.109}{Pineco}{}% 107
\BOOKMARK [1][-]{section*.110}{Surskit}{}% 108
\BOOKMARK [1][-]{section*.111}{Kricketot}{}% 109
\BOOKMARK [1][-]{section*.112}{Combee}{}% 110
\BOOKMARK [1][-]{section*.113}{Dwebble}{}% 111
\BOOKMARK [1][-]{section*.114}{Karrablast}{}% 112
\BOOKMARK [1][-]{section*.115}{Escavalier}{}% 113
\BOOKMARK [1][-]{section*.116}{Shelmet}{}% 114
\BOOKMARK [1][-]{section*.117}{Joltik}{}% 115
\BOOKMARK [1][-]{section*.118}{Scyther}{}% 116
\BOOKMARK [1][-]{section*.119}{Larvesta}{}% 117
\BOOKMARK [1][-]{section*.120}{Spearow}{}% 118
\BOOKMARK [1][-]{section*.121}{Doduo}{}% 119
\BOOKMARK [1][-]{section*.122}{Hoothoot}{}% 120
\BOOKMARK [1][-]{section*.123}{Taillow}{}% 121
\BOOKMARK [1][-]{section*.124}{Rufflet}{}% 122
\BOOKMARK [1][-]{section*.125}{Swablu}{}% 123
\BOOKMARK [1][-]{section*.126}{Noibat}{}% 124
\BOOKMARK [1][-]{section*.127}{Noivern}{}% 125
\BOOKMARK [1][-]{section*.128}{Ekans}{}% 126
\BOOKMARK [1][-]{section*.129}{Stunky}{}% 127
\BOOKMARK [1][-]{section*.130}{Grimer}{}% 128
\BOOKMARK [1][-]{section*.131}{Koffing}{}% 129
\BOOKMARK [1][-]{section*.132}{Gulpin}{}% 130
\BOOKMARK [1][-]{section*.133}{Trubbish}{}% 131
\BOOKMARK [1][-]{section*.134}{Garbodor}{}% 132
\BOOKMARK [1][-]{section*.135}{Skorupi}{}% 133
\BOOKMARK [1][-]{section*.136}{Croagunk}{}% 134
\BOOKMARK [1][-]{section*.137}{Skrelp}{}% 135
\BOOKMARK [1][-]{section*.138}{Sandshrew}{}% 136
\BOOKMARK [1][-]{section*.139}{Diglett}{}% 137
\BOOKMARK [1][-]{section*.140}{Cubone}{}% 138
\BOOKMARK [1][-]{section*.141}{Gligar}{}% 139
\BOOKMARK [1][-]{section*.142}{Phanpy}{}% 140
\BOOKMARK [1][-]{section*.143}{Hippopotas}{}% 141
\BOOKMARK [1][-]{section*.144}{Drilbur}{}% 142
\BOOKMARK [1][-]{section*.145}{Bonsly}{}% 143
\BOOKMARK [1][-]{section*.146}{Nosepass}{}% 144
\BOOKMARK [1][-]{section*.147}{Onix}{}% 145
\BOOKMARK [1][-]{section*.148}{Binacle}{}% 146
\BOOKMARK [1][-]{section*.149}{Bronzor}{}% 147
\BOOKMARK [1][-]{section*.150}{Sunkern}{}% 148
\BOOKMARK [1][-]{section*.151}{Tangela}{}% 149
\BOOKMARK [1][-]{section*.152}{Cherubi}{}% 150
\BOOKMARK [1][-]{section*.153}{Cottonee}{}% 151
\BOOKMARK [1][-]{section*.154}{Petilil}{}% 152
\BOOKMARK [1][-]{section*.155}{Foongus}{}% 153
\BOOKMARK [1][-]{section*.156}{Amoonguss}{}% 154
\BOOKMARK [1][-]{section*.157}{Shroomish}{}% 155
\BOOKMARK [1][-]{section*.158}{Ferroseed}{}% 156
\BOOKMARK [1][-]{section*.159}{Cacnea}{}% 157
\BOOKMARK [1][-]{section*.160}{Exeggcute}{}% 158
\BOOKMARK [1][-]{section*.161}{Snover}{}% 159
\BOOKMARK [1][-]{section*.162}{Skiddo}{}% 160
\BOOKMARK [1][-]{section*.163}{Vulpix}{}% 161
\BOOKMARK [1][-]{section*.164}{Growlithe}{}% 162
\BOOKMARK [1][-]{section*.165}{Ponyta}{}% 163
\BOOKMARK [1][-]{section*.166}{Slugma}{}% 164
\BOOKMARK [1][-]{section*.167}{Numel}{}% 165
\BOOKMARK [1][-]{section*.168}{Darumaka}{}% 166
\BOOKMARK [1][-]{section*.169}{Litleo}{}% 167
\BOOKMARK [1][-]{section*.170}{Clamperl}{}% 168
\BOOKMARK [1][-]{section*.171}{Slowpoke}{}% 169
\BOOKMARK [1][-]{section*.172}{Goldeen}{}% 170
\BOOKMARK [1][-]{section*.173}{Barboach}{}% 171
\BOOKMARK [1][-]{section*.174}{Finneon}{}% 172
\BOOKMARK [1][-]{section*.175}{Chinchou}{}% 173
\BOOKMARK [1][-]{section*.176}{Carvanha}{}% 174
\BOOKMARK [1][-]{section*.177}{Wingull}{}% 175
\BOOKMARK [1][-]{section*.178}{Ducklett}{}% 176
\BOOKMARK [1][-]{section*.179}{Tentacool}{}% 177
\BOOKMARK [1][-]{section*.180}{Frillish}{}% 178
\BOOKMARK [1][-]{section*.181}{Shellder}{}% 179
\BOOKMARK [1][-]{section*.182}{Krabby}{}% 180
\BOOKMARK [1][-]{section*.183}{Corphish}{}% 181
\BOOKMARK [1][-]{section*.184}{Staryu}{}% 182
\BOOKMARK [1][-]{section*.185}{Psyduck}{}% 183
\BOOKMARK [1][-]{section*.186}{Wooper}{}% 184
\BOOKMARK [1][-]{section*.187}{Seel}{}% 185
\BOOKMARK [1][-]{section*.188}{Shellos}{}% 186
\BOOKMARK [1][-]{section*.189}{Buizel}{}% 187
\BOOKMARK [1][-]{section*.190}{Remoraid}{}% 188
\BOOKMARK [1][-]{section*.191}{Mantyke}{}% 189
\BOOKMARK [1][-]{section*.192}{Magikarp}{}% 190
\BOOKMARK [1][-]{section*.193}{Feebas}{}% 191
\BOOKMARK [1][-]{section*.194}{Wailmer}{}% 192
\BOOKMARK [1][-]{section*.195}{Clauncher}{}% 193
\BOOKMARK [1][-]{section*.196}{Snorunt}{}% 194
\BOOKMARK [1][-]{section*.197}{Cubchoo}{}% 195
\BOOKMARK [1][-]{section*.198}{Bergmite}{}% 196
\BOOKMARK [1][-]{section*.199}{Avalugg}{}% 197
\BOOKMARK [1][-]{section*.200}{Voltorb}{}% 198
\BOOKMARK [1][-]{section*.201}{Electrike}{}% 199
\BOOKMARK [1][-]{section*.202}{Blitzle}{}% 200
\BOOKMARK [1][-]{section*.203}{Helioptile}{}% 201
\BOOKMARK [1][-]{section*.204}{Natu}{}% 202
\BOOKMARK [1][-]{section*.205}{Woobat}{}% 203
\BOOKMARK [1][-]{section*.206}{Spoink}{}% 204
\BOOKMARK [1][-]{section*.207}{Munna}{}% 205
\BOOKMARK [1][-]{section*.208}{Elgyem}{}% 206
\BOOKMARK [1][-]{section*.209}{Drowzee}{}% 207
\BOOKMARK [1][-]{section*.210}{Smoochum}{}% 208
\BOOKMARK [1][-]{section*.211}{Mime\040Jr.}{}% 209
\BOOKMARK [1][-]{section*.212}{Chingling}{}% 210
\BOOKMARK [1][-]{section*.213}{Wynaut}{}% 211
\BOOKMARK [1][-]{section*.214}{Espurr}{}% 212
\BOOKMARK [1][-]{section*.215}{Tyrogue}{}% 213
\BOOKMARK [1][-]{section*.216}{Mankey}{}% 214
\BOOKMARK [1][-]{section*.217}{Mienfoo}{}% 215
\BOOKMARK [1][-]{section*.218}{Makuhita}{}% 216
\BOOKMARK [1][-]{section*.219}{Meditite}{}% 217
\BOOKMARK [1][-]{section*.220}{Riolu}{}% 218
\BOOKMARK [1][-]{section*.221}{Lucario}{}% 219
\BOOKMARK [1][-]{section*.222}{Pancham}{}% 220
\BOOKMARK [1][-]{section*.223}{Murkrow}{}% 221
\BOOKMARK [1][-]{section*.224}{Vullaby}{}% 222
\BOOKMARK [1][-]{section*.225}{Purrloin}{}% 223
\BOOKMARK [1][-]{section*.226}{Houndour}{}% 224
\BOOKMARK [1][-]{section*.227}{Poochyena}{}% 225
\BOOKMARK [1][-]{section*.228}{Scraggy}{}% 226
\BOOKMARK [1][-]{section*.229}{Sneasel}{}% 227
\BOOKMARK [1][-]{section*.230}{Pawniard}{}% 228
\BOOKMARK [1][-]{section*.231}{Zorua}{}% 229
\BOOKMARK [1][-]{section*.232}{Inkay}{}% 230
\BOOKMARK [1][-]{section*.233}{Misdreavus}{}% 231
\BOOKMARK [1][-]{section*.234}{Shuppet}{}% 232
\BOOKMARK [1][-]{section*.235}{Drifloon}{}% 233
\BOOKMARK [1][-]{section*.236}{Yamask}{}% 234
\BOOKMARK [1][-]{section*.237}{Phantump}{}% 235
\BOOKMARK [1][-]{section*.238}{Pumpkaboo}{}% 236
\BOOKMARK [1][-]{section*.239}{Spritzee}{}% 237
\BOOKMARK [1][-]{section*.240}{Swirlix}{}% 238
\BOOKMARK [1][-]{section*.241}{Pansage}{}% 239
\BOOKMARK [1][-]{section*.242}{Pansear}{}% 240
\BOOKMARK [1][-]{section*.243}{Panpour}{}% 241
\BOOKMARK [1][-]{section*.244}{Farfetch'd}{}% 242
\BOOKMARK [1][-]{section*.245}{Chatot}{}% 243
\BOOKMARK [1][-]{section*.246}{Dunsparce}{}% 244
\BOOKMARK [1][-]{section*.247}{Miltank}{}% 245
\BOOKMARK [1][-]{section*.248}{Tauros}{}% 246
\BOOKMARK [1][-]{section*.249}{Bouffalant}{}% 247
\BOOKMARK [1][-]{section*.250}{Stantler}{}% 248
\BOOKMARK [1][-]{section*.251}{Audino}{}% 249
\BOOKMARK [1][-]{section*.252}{Spinda}{}% 250
\BOOKMARK [1][-]{section*.253}{Kecleon}{}% 251
\BOOKMARK [1][-]{section*.254}{Castform}{}% 252
\BOOKMARK [1][-]{section*.255}{Smeargle}{}% 253
\BOOKMARK [1][-]{section*.256}{Kangaskhan}{}% 254
\BOOKMARK [1][-]{section*.257}{Furfrou}{}% 255
\BOOKMARK [1][-]{section*.258}{Zangoose}{}% 256
\BOOKMARK [1][-]{section*.259}{Seviper}{}% 257
\BOOKMARK [1][-]{section*.260}{Shuckle}{}% 258
\BOOKMARK [1][-]{section*.261}{Durant}{}% 259
\BOOKMARK [1][-]{section*.262}{Pinsir}{}% 260
\BOOKMARK [1][-]{section*.263}{Heracross}{}% 261
\BOOKMARK [1][-]{section*.264}{Carnivine}{}% 262
\BOOKMARK [1][-]{section*.265}{Maractus}{}% 263
\BOOKMARK [1][-]{section*.266}{Tropius}{}% 264
\BOOKMARK [1][-]{section*.267}{Torkoal}{}% 265
\BOOKMARK [1][-]{section*.268}{Heatmor}{}% 266
\BOOKMARK [1][-]{section*.269}{Qwilfish}{}% 267
\BOOKMARK [1][-]{section*.270}{Basculin}{}% 268
\BOOKMARK [1][-]{section*.271}{Relicanth}{}% 269
\BOOKMARK [1][-]{section*.272}{Corsola}{}% 270
\BOOKMARK [1][-]{section*.273}{Luvdisc}{}% 271
\BOOKMARK [1][-]{section*.274}{Alomomola}{}% 272
\BOOKMARK [1][-]{section*.275}{Lapras}{}% 273
\BOOKMARK [1][-]{section*.276}{Delibird}{}% 274
\BOOKMARK [1][-]{section*.277}{Cryogonal}{}% 275
\BOOKMARK [1][-]{section*.278}{Pachirisu}{}% 276
\BOOKMARK [1][-]{section*.279}{Emolga}{}% 277
\BOOKMARK [1][-]{section*.280}{Stunfisk}{}% 278
\BOOKMARK [1][-]{section*.281}{Rotom}{}% 279
\BOOKMARK [1][-]{section*.282}{Dedenne}{}% 280
\BOOKMARK [1][-]{section*.283}{Girafarig}{}% 281
\BOOKMARK [1][-]{section*.284}{Sigilyph}{}% 282
\BOOKMARK [1][-]{section*.285}{Mawile}{}% 283
\BOOKMARK [1][-]{section*.286}{Skarmory}{}% 284
\BOOKMARK [1][-]{section*.287}{Klefki}{}% 285
\BOOKMARK [1][-]{section*.288}{Absol}{}% 286
\BOOKMARK [1][-]{section*.289}{Sableye}{}% 287
\BOOKMARK [1][-]{section*.290}{Spiritomb}{}% 288
\BOOKMARK [1][-]{section*.291}{Druddigon}{}% 289
\BOOKMARK [1][-]{section*.292}{Plusle}{}% 290
\BOOKMARK [1][-]{section*.293}{Minun}{}% 291
\BOOKMARK [1][-]{section*.294}{Volbeat}{}% 292
\BOOKMARK [1][-]{section*.295}{Illumise}{}% 293
\BOOKMARK [1][-]{section*.296}{Lunatone}{}% 294
\BOOKMARK [1][-]{section*.297}{Solrock}{}% 295
\BOOKMARK [1][-]{section*.298}{Carbink}{}% 296
\BOOKMARK [1][-]{section*.299}{Throh}{}% 297
\BOOKMARK [1][-]{section*.300}{Sawk}{}% 298
\BOOKMARK [1][-]{section*.301}{Hawlucha}{}% 299
\BOOKMARK [1][-]{section*.302}{Ditto}{}% 300
\BOOKMARK [1][-]{section*.303}{Unown}{}% 301
\BOOKMARK [1][-]{section*.304}{Eevee}{}% 302
\BOOKMARK [1][-]{section*.305}{Umbreon}{}% 303
\BOOKMARK [1][-]{section*.306}{Omanyte}{}% 304
\BOOKMARK [1][-]{section*.307}{Kabuto}{}% 305
\BOOKMARK [1][-]{section*.308}{Lileep}{}% 306
\BOOKMARK [1][-]{section*.309}{Anorith}{}% 307
\BOOKMARK [1][-]{section*.310}{Cranidos}{}% 308
\BOOKMARK [1][-]{section*.311}{Shieldon}{}% 309
\BOOKMARK [1][-]{section*.312}{Tirtouga}{}% 310
\BOOKMARK [1][-]{section*.313}{Archen}{}% 311
\BOOKMARK [1][-]{section*.314}{Tyrunt}{}% 312
\BOOKMARK [1][-]{section*.315}{Amaura}{}% 313
\BOOKMARK [1][-]{section*.316}{Aerodactyl}{}% 314
\BOOKMARK [1][-]{section*.317}{Dratini}{}% 315
\BOOKMARK [1][-]{section*.318}{Larvitar}{}% 316
\BOOKMARK [1][-]{section*.319}{Bagon}{}% 317
\BOOKMARK [1][-]{section*.320}{Beldum}{}% 318
\BOOKMARK [1][-]{section*.321}{Gible}{}% 319
\BOOKMARK [1][-]{section*.322}{Deino}{}% 320
\BOOKMARK [1][-]{section*.323}{Goomy}{}% 321
\BOOKMARK [1][-]{section*.324}{Mew}{}% 322
\BOOKMARK [1][-]{section*.325}{Mewtwo}{}% 323
\BOOKMARK [1][-]{section*.326}{Genesect}{}% 324
\BOOKMARK [1][-]{section*.327}{Heatran}{}% 325
\BOOKMARK [1][-]{section*.328}{Articuno}{}% 326
\BOOKMARK [1][-]{section*.329}{Zapdos}{}% 327
\BOOKMARK [1][-]{section*.330}{Moltres}{}% 328
\BOOKMARK [1][-]{section*.331}{Raikou}{}% 329
\BOOKMARK [1][-]{section*.332}{Entei}{}% 330
\BOOKMARK [1][-]{section*.333}{Suicune}{}% 331
\BOOKMARK [1][-]{section*.334}{Regirock}{}% 332
\BOOKMARK [1][-]{section*.335}{Regice}{}% 333
\BOOKMARK [1][-]{section*.336}{Registeel}{}% 334
\BOOKMARK [1][-]{section*.337}{Regigigas}{}% 335
\BOOKMARK [1][-]{section*.338}{Keldeo}{}% 336
\BOOKMARK [1][-]{section*.339}{Uxie}{}% 337
\BOOKMARK [1][-]{section*.340}{Mesprit}{}% 338
\BOOKMARK [1][-]{section*.341}{Azelf}{}% 339
\BOOKMARK [1][-]{section*.342}{Tornadus}{}% 340
\BOOKMARK [1][-]{section*.343}{Thundurus}{}% 341
\BOOKMARK [1][-]{section*.344}{Landorus}{}% 342
\BOOKMARK [1][-]{section*.345}{Lugia}{}% 343
\BOOKMARK [1][-]{section*.346}{Ho-Oh}{}% 344
\BOOKMARK [1][-]{section*.347}{Latias}{}% 345
\BOOKMARK [1][-]{section*.348}{Latios}{}% 346
\BOOKMARK [1][-]{section*.349}{Phione}{}% 347
\BOOKMARK [1][-]{section*.350}{Manaphy}{}% 348
\BOOKMARK [1][-]{section*.351}{Celebi}{}% 349
\BOOKMARK [1][-]{section*.352}{Jirachi}{}% 350
\BOOKMARK [1][-]{section*.353}{Victini}{}% 351
\BOOKMARK [1][-]{section*.354}{Shaymin}{}% 352
\BOOKMARK [1][-]{section*.355}{Diancie}{}% 353
\BOOKMARK [1][-]{section*.356}{Meloetta}{}% 354
\BOOKMARK [1][-]{section*.357}{Deoxys}{}% 355
\BOOKMARK [1][-]{section*.358}{Darkrai}{}% 356
\BOOKMARK [1][-]{section*.359}{Cresselia}{}% 357
\BOOKMARK [1][-]{section*.360}{Kyogre}{}% 358
\BOOKMARK [1][-]{section*.361}{Groudon}{}% 359
\BOOKMARK [1][-]{section*.362}{Rayquaza}{}% 360
\BOOKMARK [1][-]{section*.363}{Reshiram}{}% 361
\BOOKMARK [1][-]{section*.364}{Zekrom}{}% 362
\BOOKMARK [1][-]{section*.365}{Kyurem}{}% 363
\BOOKMARK [1][-]{section*.366}{Dialga}{}% 364
\BOOKMARK [1][-]{section*.367}{Palkia}{}% 365
\BOOKMARK [1][-]{section*.368}{Giratina}{}% 366
\BOOKMARK [1][-]{section*.369}{Xerneas}{}% 367
\BOOKMARK [1][-]{section*.370}{Yveltal}{}% 368
\BOOKMARK [1][-]{section*.371}{Zygarde}{}% 369
\BOOKMARK [1][-]{section*.372}{Arceus}{}% 370
\BOOKMARK [1][-]{section*.373}{Hoopa}{}% 371
